Determining if the pthread_create exist failed with the following output:
Change Dir: /home/songyang/aruco_mapping_ros_official_ws/src/aruco_mapping/build/CMakeFiles/CMakeTmp

Run Build Command:"/usr/bin/make" "cmTC_26798/fast"
/usr/bin/make -f CMakeFiles/cmTC_26798.dir/build.make CMakeFiles/cmTC_26798.dir/build
make[1]: 进入目录“/home/songyang/aruco_mapping_ros_official_ws/src/aruco_mapping/build/CMakeFiles/CMakeTmp”
Building C object CMakeFiles/cmTC_26798.dir/CheckSymbolExists.c.o
/usr/bin/cc    -o CMakeFiles/cmTC_26798.dir/CheckSymbolExists.c.o   -c /home/songyang/aruco_mapping_ros_official_ws/src/aruco_mapping/build/CMakeFiles/CMakeTmp/CheckSymbolExists.c
Linking C executable cmTC_26798
/usr/bin/cmake -E cmake_link_script CMakeFiles/cmTC_26798.dir/link.txt --verbose=1
/usr/bin/cc      -rdynamic CMakeFiles/cmTC_26798.dir/CheckSymbolExists.c.o  -o cmTC_26798 
CMakeFiles/cmTC_26798.dir/CheckSymbolExists.c.o：在函数‘main’中：
CheckSymbolExists.c:(.text+0x1b)：对‘pthread_create’未定义的引用
collect2: error: ld returned 1 exit status
CMakeFiles/cmTC_26798.dir/build.make:97: recipe for target 'cmTC_26798' failed
make[1]: *** [cmTC_26798] Error 1
make[1]: 离开目录“/home/songyang/aruco_mapping_ros_official_ws/src/aruco_mapping/build/CMakeFiles/CMakeTmp”
Makefile:126: recipe for target 'cmTC_26798/fast' failed
make: *** [cmTC_26798/fast] Error 2

File /home/songyang/aruco_mapping_ros_official_ws/src/aruco_mapping/build/CMakeFiles/CMakeTmp/CheckSymbolExists.c:
/* */
#include <pthread.h>

int main(int argc, char** argv)
{
  (void)argv;
#ifndef pthread_create
  return ((int*)(&pthread_create))[argc];
#else
  (void)argc;
  return 0;
#endif
}

Determining if the function pthread_create exists in the pthreads failed with the following output:
Change Dir: /home/songyang/aruco_mapping_ros_official_ws/src/aruco_mapping/build/CMakeFiles/CMakeTmp

Run Build Command:"/usr/bin/make" "cmTC_c94fa/fast"
/usr/bin/make -f CMakeFiles/cmTC_c94fa.dir/build.make CMakeFiles/cmTC_c94fa.dir/build
make[1]: 进入目录“/home/songyang/aruco_mapping_ros_official_ws/src/aruco_mapping/build/CMakeFiles/CMakeTmp”
Building C object CMakeFiles/cmTC_c94fa.dir/CheckFunctionExists.c.o
/usr/bin/cc   -DCHECK_FUNCTION_EXISTS=pthread_create   -o CMakeFiles/cmTC_c94fa.dir/CheckFunctionExists.c.o   -c /usr/share/cmake-3.10/Modules/CheckFunctionExists.c
Linking C executable cmTC_c94fa
/usr/bin/cmake -E cmake_link_script CMakeFiles/cmTC_c94fa.dir/link.txt --verbose=1
/usr/bin/cc  -DCHECK_FUNCTION_EXISTS=pthread_create    -rdynamic CMakeFiles/cmTC_c94fa.dir/CheckFunctionExists.c.o  -o cmTC_c94fa -lpthreads 
/usr/bin/ld: 找不到 -lpthreads
collect2: error: ld returned 1 exit status
CMakeFiles/cmTC_c94fa.dir/build.make:97: recipe for target 'cmTC_c94fa' failed
make[1]: *** [cmTC_c94fa] Error 1
make[1]: 离开目录“/home/songyang/aruco_mapping_ros_official_ws/src/aruco_mapping/build/CMakeFiles/CMakeTmp”
Makefile:126: recipe for target 'cmTC_c94fa/fast' failed
make: *** [cmTC_c94fa/fast] Error 2


